0 info it worked if it ends with ok
1 verbose cli [ '/home/sumanth/.nvm/versions/node/v6.10.1/bin/node',
1 verbose cli   '/home/sumanth/.nvm/versions/node/v6.10.1/bin/npm',
1 verbose cli   'run',
1 verbose cli   'devserver' ]
2 info using npm@3.10.10
3 info using node@v6.10.1
4 verbose run-script [ 'predevserver', 'devserver', 'postdevserver' ]
5 info lifecycle angular_v1@1.0.0~predevserver: angular_v1@1.0.0
6 silly lifecycle angular_v1@1.0.0~predevserver: no script for predevserver, continuing
7 info lifecycle angular_v1@1.0.0~devserver: angular_v1@1.0.0
8 verbose lifecycle angular_v1@1.0.0~devserver: unsafe-perm in lifecycle true
9 verbose lifecycle angular_v1@1.0.0~devserver: PATH: /home/sumanth/.nvm/versions/node/v6.10.1/lib/node_modules/npm/bin/node-gyp-bin:/home/sumanth/work/karmetyb/angular_v1/node_modules/.bin:/home/sumanth/.nvm/versions/node/v6.10.1/bin:/usr/local/sbin:/usr/local/bin:/usr/sbin:/usr/bin:/sbin:/bin:/usr/games:/usr/local/games:/usr/local/android-sdk-linux/tools:/usr/local/android-sdk-linux/platform-tools:/usr/local/android-sdk-linux/tools:/usr/local/android-sdk-linux/platform-tools:~/.composer/vendor/bin:/home/sumanth/.composer/vendor/bin:/home/sumanth/.yarn/bin
10 verbose lifecycle angular_v1@1.0.0~devserver: CWD: /home/sumanth/work/karmetyb/angular_v1
11 silly lifecycle angular_v1@1.0.0~devserver: Args: [ '-c',
11 silly lifecycle   'webpack-dev-server --port 9100 --progress --colors --inline' ]
12 silly lifecycle angular_v1@1.0.0~devserver: Returned: code: 1  signal: null
13 info lifecycle angular_v1@1.0.0~devserver: Failed to exec devserver script
14 verbose stack Error: angular_v1@1.0.0 devserver: `webpack-dev-server --port 9100 --progress --colors --inline`
14 verbose stack Exit status 1
14 verbose stack     at EventEmitter.<anonymous> (/home/sumanth/.nvm/versions/node/v6.10.1/lib/node_modules/npm/lib/utils/lifecycle.js:255:16)
14 verbose stack     at emitTwo (events.js:106:13)
14 verbose stack     at EventEmitter.emit (events.js:191:7)
14 verbose stack     at ChildProcess.<anonymous> (/home/sumanth/.nvm/versions/node/v6.10.1/lib/node_modules/npm/lib/utils/spawn.js:40:14)
14 verbose stack     at emitTwo (events.js:106:13)
14 verbose stack     at ChildProcess.emit (events.js:191:7)
14 verbose stack     at maybeClose (internal/child_process.js:886:16)
14 verbose stack     at Process.ChildProcess._handle.onexit (internal/child_process.js:226:5)
15 verbose pkgid angular_v1@1.0.0
16 verbose cwd /home/sumanth/work/karmetyb/angular_v1
17 error Linux 4.4.0-66-generic
18 error argv "/home/sumanth/.nvm/versions/node/v6.10.1/bin/node" "/home/sumanth/.nvm/versions/node/v6.10.1/bin/npm" "run" "devserver"
19 error node v6.10.1
20 error npm  v3.10.10
21 error code ELIFECYCLE
22 error angular_v1@1.0.0 devserver: `webpack-dev-server --port 9100 --progress --colors --inline`
22 error Exit status 1
23 error Failed at the angular_v1@1.0.0 devserver script 'webpack-dev-server --port 9100 --progress --colors --inline'.
23 error Make sure you have the latest version of node.js and npm installed.
23 error If you do, this is most likely a problem with the angular_v1 package,
23 error not with npm itself.
23 error Tell the author that this fails on your system:
23 error     webpack-dev-server --port 9100 --progress --colors --inline
23 error You can get information on how to open an issue for this project with:
23 error     npm bugs angular_v1
23 error Or if that isn't available, you can get their info via:
23 error     npm owner ls angular_v1
23 error There is likely additional logging output above.
24 verbose exit [ 1, true ]
